23:23:01,704  INFO GameServerTable:94 - Loaded 127 server names
23:23:01,722  INFO MLog:80 - MLog clients using log4j logging.
23:23:01,897  INFO C3P0Registry:204 - Initializing c3p0-0.9.1.2 [built 21-May-2007 15:04:56; debug? true; trace: 10]
23:23:02,099  INFO AbstractPoolBackedDataSource:462 - Initializing c3p0 pool... com.mchange.v2.c3p0.ComboPooledDataSource [ acquireIncrement -> 5, acquireRetryAttempts -> 0, acquireRetryDelay -> 500, autoCommitOnClose -> true, automaticTestTable -> connection_test_table, breakAfterAcquireFailure -> false, checkoutTimeout -> 0, connectionCustomizerClassName -> null, connectionTesterClassName -> com.mchange.v2.c3p0.impl.DefaultConnectionTester, dataSourceName -> 1hge132b5g4b4ad1ubn8dd|2aae9190, debugUnreturnedConnectionStackTraces -> false, description -> null, driverClass -> com.mysql.jdbc.Driver, factoryClassLocation -> null, forceIgnoreUnresolvedTransactions -> false, identityToken -> 1hge132b5g4b4ad1ubn8dd|2aae9190, idleConnectionTestPeriod -> 3600, initialPoolSize -> 10, jdbcUrl -> jdbc:mysql://localhost/l2jdb, maxAdministrativeTaskTime -> 0, maxConnectionAge -> 0, maxIdleTime -> 0, maxIdleTimeExcessConnections -> 0, maxPoolSize -> 50, maxStatements -> 0, maxStatementsPerConnection -> 100, minPoolSize -> 10, numHelperThreads -> 3, numThreadsAwaitingCheckoutDefaultUser -> 0, preferredTestQuery -> null, properties -> {user=******, password=******}, propertyCycle -> 0, testConnectionOnCheckin -> false, testConnectionOnCheckout -> false, unreturnedConnectionTimeout -> 0, usesTraditionalReflectiveProxies -> false ]
23:23:02,130  INFO GameServerTable:97 - Loaded 3 registered Game Servers
23:23:02,236  INFO GameServerTable:100 - Cached 10 RSA keys for Game Server communication.
23:23:02,236  INFO GameServerRegister:62 - Welcome to L2JFrozen GameServer Regitering
23:23:02,236  INFO GameServerRegister:63 - Enter The id of the server you want to register
23:23:02,237  INFO GameServerRegister:64 - Type 'help' to get a list of ids.
23:23:02,237  INFO GameServerRegister:65 - Type 'clean' to unregister all currently registered gameservers on this LoginServer.
23:23:02,237  INFO GameServerRegister:68 - Your choice:
23:23:03,794  INFO GameServerRegister:123 - This id is not free
23:23:03,795  INFO GameServerRegister:68 - Your choice:
23:23:06,590  INFO GameServerRegister:130 - Server Registered hexid saved to 'hexid.txt'
23:23:06,590  INFO GameServerRegister:131 - Put this file in the /config folder of your gameserver.
23:23:49,407  INFO Util:141 - ======================================================================-[ Team ]
23:23:49,407  INFO L2Frozen:35 -                                                                             
23:23:49,407  INFO L2Frozen:36 -          #     #####          ##### ##### ##### ##### ##### ##    #         
23:23:49,407  INFO L2Frozen:37 -          #         #          #     #   # #   #     # #     # #   #         
23:23:49,407  INFO L2Frozen:38 -          #      ###    ####   ###   #   # #   #   #   ###   #  #  #         
23:23:49,407  INFO L2Frozen:39 -          #     #              #     ###   #   # #     #     #   # #         
23:23:49,407  INFO L2Frozen:40 -          ##### #####          #     #  ## ##### ##### ##### #    ##         
23:23:49,407  INFO L2Frozen:41 -                                                                             
23:23:49,438  INFO Util:141 - ==================================================================-[ Database ]
23:23:49,454  INFO MLog:80 - MLog clients using log4j logging.
23:23:49,627  INFO C3P0Registry:204 - Initializing c3p0-0.9.1.2 [built 21-May-2007 15:04:56; debug? true; trace: 10]
23:23:49,815  INFO AbstractPoolBackedDataSource:462 - Initializing c3p0 pool... com.mchange.v2.c3p0.ComboPooledDataSource [ acquireIncrement -> 5, acquireRetryAttempts -> 0, acquireRetryDelay -> 500, autoCommitOnClose -> true, automaticTestTable -> connection_test_table, breakAfterAcquireFailure -> false, checkoutTimeout -> 0, connectionCustomizerClassName -> null, connectionTesterClassName -> com.mchange.v2.c3p0.impl.DefaultConnectionTester, dataSourceName -> 1hge132b5g4c54e11eb3oc|77556fd, debugUnreturnedConnectionStackTraces -> false, description -> null, driverClass -> com.mysql.jdbc.Driver, factoryClassLocation -> null, forceIgnoreUnresolvedTransactions -> false, identityToken -> 1hge132b5g4c54e11eb3oc|77556fd, idleConnectionTestPeriod -> 3600, initialPoolSize -> 10, jdbcUrl -> jdbc:mysql://localhost/l2jdb, maxAdministrativeTaskTime -> 0, maxConnectionAge -> 0, maxIdleTime -> 0, maxIdleTimeExcessConnections -> 0, maxPoolSize -> 50, maxStatements -> 0, maxStatementsPerConnection -> 100, minPoolSize -> 10, numHelperThreads -> 3, numThreadsAwaitingCheckoutDefaultUser -> 0, preferredTestQuery -> null, properties -> {user=******, password=******}, propertyCycle -> 0, testConnectionOnCheckin -> false, testConnectionOnCheckout -> false, unreturnedConnectionTimeout -> 0, usesTraditionalReflectiveProxies -> false ]
23:23:49,834  INFO Util:141 - ===========================================================-[ LoginController ]
23:23:50,272  INFO LoginController:163 - Cached 10 KeyPairs for RSA communication
23:23:50,476  INFO LoginController:217 - Stored 20 keys for Blowfish communication
23:23:50,476  INFO GameServerTable:94 - Loaded 127 server names
23:23:50,476  INFO GameServerTable:97 - Loaded 4 registered Game Servers
23:23:50,539  INFO GameServerTable:100 - Cached 10 RSA keys for Game Server communication.
23:23:50,555  INFO L2LoginServer:217 - Listening for GameServers on 127.0.0.1:9014
23:23:50,555  INFO L2LoginServer:229 - Login Server ready on *:2106
23:23:50,555  INFO Config:4457 - Loaded 2 IP Bans.
23:24:06,459  INFO GameServerThread:661 - Updated Gameserver [4] Lionna IP's:
23:24:06,460  INFO GameServerThread:665 - InternalIP: 127.0.0.1
23:24:06,460  INFO GameServerThread:670 - ExternalIP: 127.0.0.1
